<?xml version="1.0" encoding="UTF-8"?>
<!-- Generated by org.testng.reporters.JUnitXMLReporter -->
<testsuite ignored="0" hostname="LAPTOP-F71TJG8P" failures="0" tests="4" name="Test" time="25.726" errors="0" timestamp="2022-08-30T10:58:55 IST">
  <testcase classname="Tests.ThreeTest" name="testThree" time="9.565"/>
  <testcase classname="Tests.TwoTest" name="testTwo" time="5.324"/>
  <testcase classname="Tests.LoginTest" name="loginTest" time="3.84"/>
  <testcase classname="Tests.FourTest" name="testFour" time="4.23"/>
</testsuite> <!-- Test -->
