<?xml version="1.0" encoding="UTF-8"?>
<!-- Generated by org.testng.reporters.JUnitXMLReporter -->
<testsuite ignored="0" hostname="LAPTOP-F71TJG8P" failures="0" tests="5" name="Test" time="14.303" errors="0" timestamp="2022-08-24T17:05:42 IST">
  <testcase classname="Tests.ThreeTest" name="testThree" time="0.005"/>
  <testcase classname="Tests.TwoTest" name="testTwo" time="0.0"/>
  <testcase classname="Tests.LoginTest" name="loginTest" time="3.897"/>
  <testcase classname="Tests.LoginTest" name="loginTest" time="3.646"/>
  <testcase classname="Tests.FourTest" name="testFour" time="0.001"/>
</testsuite> <!-- Test -->
