<?xml version="1.0" encoding="UTF-8"?>
<testng-results ignored="0" total="5" passed="5" failed="0" skipped="0">
  <reporter-output>
  </reporter-output>
  <suite started-at="2022-08-24T17:05:28 IST" name="Suite" finished-at="2022-08-24T17:05:42 IST" duration-ms="14303">
    <groups>
    </groups>
    <test started-at="2022-08-24T17:05:28 IST" name="Test" finished-at="2022-08-24T17:05:42 IST" duration-ms="14303">
      <class name="Tests.TwoTest">
        <test-method signature="testTwo()[pri:0, instance:Tests.TwoTest@53fe15ff]" started-at="2022-08-24T17:05:28 IST" name="testTwo" finished-at="2022-08-24T17:05:28 IST" duration-ms="0" status="PASS">
          <reporter-output>
          </reporter-output>
        </test-method> <!-- testTwo -->
      </class> <!-- Tests.TwoTest -->
      <class name="Tests.ThreeTest">
        <test-method signature="testThree()[pri:0, instance:Tests.ThreeTest@2e385cce]" started-at="2022-08-24T17:05:28 IST" name="testThree" finished-at="2022-08-24T17:05:28 IST" duration-ms="5" status="PASS">
          <reporter-output>
          </reporter-output>
        </test-method> <!-- testThree -->
      </class> <!-- Tests.ThreeTest -->
      <class name="Tests.LoginTest">
        <test-method is-config="true" signature="openApplication()[pri:0, instance:Tests.LoginTest@78e4deb0]" started-at="2022-08-24T17:05:28 IST" name="openApplication" finished-at="2022-08-24T17:05:32 IST" duration-ms="4141" status="PASS">
          <reporter-output>
          </reporter-output>
        </test-method> <!-- openApplication -->
        <test-method signature="loginTest(java.lang.String,java.lang.String,java.lang.String)[pri:0, instance:Tests.LoginTest@78e4deb0]" started-at="2022-08-24T17:05:32 IST" name="loginTest" data-provider="getLoginData" finished-at="2022-08-24T17:05:36 IST" duration-ms="3897" status="PASS">
          <params>
            <param index="0">
              <value>
                <![CDATA[sandeep.pinnama@gmail.com]]>
              </value>
            </param>
            <param index="1">
              <value>
                <![CDATA[sandep@123]]>
              </value>
            </param>
            <param index="2">
              <value>
                <![CDATA[Sucessfull]]>
              </value>
            </param>
          </params>
          <reporter-output>
          </reporter-output>
        </test-method> <!-- loginTest -->
        <test-method is-config="true" signature="closur()[pri:0, instance:Tests.LoginTest@78e4deb0]" started-at="2022-08-24T17:05:36 IST" name="closur" finished-at="2022-08-24T17:05:36 IST" duration-ms="109" status="PASS">
          <reporter-output>
          </reporter-output>
        </test-method> <!-- closur -->
        <test-method is-config="true" signature="openApplication()[pri:0, instance:Tests.LoginTest@78e4deb0]" started-at="2022-08-24T17:05:36 IST" name="openApplication" finished-at="2022-08-24T17:05:39 IST" duration-ms="2360" status="PASS">
          <reporter-output>
          </reporter-output>
        </test-method> <!-- openApplication -->
        <test-method signature="loginTest(java.lang.String,java.lang.String,java.lang.String)[pri:0, instance:Tests.LoginTest@78e4deb0]" started-at="2022-08-24T17:05:39 IST" name="loginTest" data-provider="getLoginData" finished-at="2022-08-24T17:05:42 IST" duration-ms="3646" status="PASS">
          <params>
            <param index="0">
              <value>
                <![CDATA[dummy@gmail.com]]>
              </value>
            </param>
            <param index="1">
              <value>
                <![CDATA[dummy@123]]>
              </value>
            </param>
            <param index="2">
              <value>
                <![CDATA[Failure]]>
              </value>
            </param>
          </params>
          <reporter-output>
          </reporter-output>
        </test-method> <!-- loginTest -->
        <test-method is-config="true" signature="closur()[pri:0, instance:Tests.LoginTest@78e4deb0]" started-at="2022-08-24T17:05:42 IST" name="closur" finished-at="2022-08-24T17:05:42 IST" duration-ms="92" status="PASS">
          <reporter-output>
          </reporter-output>
        </test-method> <!-- closur -->
      </class> <!-- Tests.LoginTest -->
      <class name="Tests.FourTest">
        <test-method signature="testFour()[pri:0, instance:Tests.FourTest@3ba987b8]" started-at="2022-08-24T17:05:42 IST" name="testFour" finished-at="2022-08-24T17:05:42 IST" duration-ms="1" status="PASS">
          <reporter-output>
          </reporter-output>
        </test-method> <!-- testFour -->
      </class> <!-- Tests.FourTest -->
    </test> <!-- Test -->
  </suite> <!-- Suite -->
</testng-results>
